<?xml version="1.0" encoding="UTF-8"?>
<!-- Generated by org.testng.reporters.JUnitXMLReporter -->
<testsuite ignored="1" hostname="Ashwins-MacBook-Air.local" failures="2" tests="2" name="TestonChrome" time="90.405" errors="0" timestamp="2025-08-14T14:00:13 IST">
  <testcase classname="com.ash.tests.AdminCreation" name="Admin" time="8.122">
    <failure type="java.lang.NullPointerException" message="Cannot invoke &amp;quot;org.openqa.selenium.WebDriver.manage()&amp;quot; because &amp;quot;this.driver&amp;quot; is null">
      <![CDATA[java.lang.NullPointerException: Cannot invoke "org.openqa.selenium.WebDriver.manage()" because "this.driver" is null
at com.ash.pages.LoginPage.clickLogin(LoginPage.java:44)
at com.ash.tests.AdminCreation.Admin(AdminCreation.java:15)
at java.base/java.util.ArrayList.forEach(ArrayList.java:1596)
at java.base/java.util.concurrent.FutureTask.run(FutureTask.java:317)
at java.base/java.util.concurrent.ThreadPoolExecutor.runWorker(ThreadPoolExecutor.java:1144)
at java.base/java.util.concurrent.ThreadPoolExecutor$Worker.run(ThreadPoolExecutor.java:642)
at java.base/java.lang.Thread.run(Thread.java:1583)
... Removed 15 stack frames]]>
    </failure>
  </testcase> <!-- Admin -->
  <testcase classname="com.ash.tests.RecritmentCreation" name="Recruit" time="15.085">
    <failure type="java.lang.NullPointerException" message="Cannot invoke &amp;quot;org.openqa.selenium.WebDriver.manage()&amp;quot; because &amp;quot;this.driver&amp;quot; is null">
      <![CDATA[java.lang.NullPointerException: Cannot invoke "org.openqa.selenium.WebDriver.manage()" because "this.driver" is null
at com.ash.pages.LoginPage.clickLogin(LoginPage.java:44)
at com.ash.tests.RecritmentCreation.Recruit(RecritmentCreation.java:13)
at java.base/java.util.ArrayList.forEach(ArrayList.java:1596)
at java.base/java.util.concurrent.FutureTask.run(FutureTask.java:317)
at java.base/java.util.concurrent.ThreadPoolExecutor.runWorker(ThreadPoolExecutor.java:1144)
at java.base/java.util.concurrent.ThreadPoolExecutor$Worker.run(ThreadPoolExecutor.java:642)
at java.base/java.lang.Thread.run(Thread.java:1583)
... Removed 15 stack frames]]>
    </failure>
  </testcase> <!-- Recruit -->
  <testcase classname="com.ash.utils.ExtentManager" name="@BeforeTest getInstance" time="0.0">
    <ignored/>
  </testcase> <!-- @BeforeTest getInstance -->
</testsuite> <!-- TestonChrome -->
